===== Verifying program safety =====
=== Cut #0 ===
INPUT IN SMTLIB2 FORMAT:
; Verify: safety
; Track: default
; Cut: #0
; Verify: safety (all in one query)
; Output file: /tmp/outputqfbv_68bc02.log
(set-logic QF_BV)
(set-info :smt-lib-version 2.0)
(declare-fun x8_target_1 () (_ BitVec 1))
(declare-fun x8_lo_2 () (_ BitVec 2))
(declare-fun x8_lo_1 () (_ BitVec 1))
(declare-fun x8_3 () (_ BitVec 64))
(declare-fun x8_2 () (_ BitVec 64))
(declare-fun x7_2 () (_ BitVec 64))
(declare-fun x3_neg_1 () (_ BitVec 64))
(declare-fun x3_3 () (_ BitVec 64))
(declare-fun x3_2 () (_ BitVec 64))
(declare-fun x10_neg_1 () (_ BitVec 64))
(declare-fun x10_2 () (_ BitVec 64))
(declare-fun x10_1 () (_ BitVec 64))
(declare-fun v_0_0_0 () (_ BitVec 64))
(declare-fun u_0_0_0 () (_ BitVec 64))
(declare-fun s_0_1_1 () (_ BitVec 64))
(declare-fun s_0_0_0 () (_ BitVec 64))
(declare-fun r_0_1_1 () (_ BitVec 64))
(declare-fun r_0_0_0 () (_ BitVec 64))
(declare-fun ne_2 () (_ BitVec 1))
(declare-fun ne_1 () (_ BitVec 1))
(declare-fun grs_0 () (_ BitVec 64))
(declare-fun ge_3 () (_ BitVec 1))
(declare-fun ge_2 () (_ BitVec 1))
(declare-fun ge_1 () (_ BitVec 1))
(declare-fun g_0_low60_0_low20_1_1 () (_ BitVec 64))
(declare-fun g_0_low60_0_low20_0_0 () (_ BitVec 64))
(declare-fun fuv_0 () (_ BitVec 64))
(declare-fun f_0_low60_0_low20_0_0 () (_ BitVec 64))
(declare-fun delta_0 () (_ BitVec 64))
(declare-fun dc_8 () (_ BitVec 64))
(declare-fun dc_7 () (_ BitVec 1))
(declare-fun dc_6 () (_ BitVec 62))
(declare-fun dc_5 () (_ BitVec 1))
(declare-fun dc_4 () (_ BitVec 1))
(declare-fun dc_3 () (_ BitVec 1))
(declare-fun dc_2 () (_ BitVec 63))
(declare-fun dc_1 () (_ BitVec 63))
(assert (and (and (and (and (and (and (and (and (and (and (and (and (and (= s_0_0_0 #xFFFFFFFFFFF00000) (= r_0_0_0 #x0000000000000000)) (= v_0_0_0 #x0000000000000000)) (= u_0_0_0 #xFFFFFFFFFFF00000)) (= delta_0 #x0000000000000001)) (= (bvsmod (bvsub ((_ zero_extend 1) fuv_0) ((_ zero_extend 1) #x0000000000000001)) ((_ zero_extend 1) #x0000000000000002)) #b00000000000000000000000000000000000000000000000000000000000000000)) (bvsle g_0_low60_0_low20_0_0 #x00000000000FFFFF)) (bvsle #x0000000000000000 g_0_low60_0_low20_0_0)) (bvsle f_0_low60_0_low20_0_0 #x00000000000FFFFF)) (bvsle #x0000000000000000 f_0_low60_0_low20_0_0)) (= grs_0 (bvadd (bvadd g_0_low60_0_low20_0_0 (bvmul r_0_0_0 #x0000000000200000)) (bvmul s_0_0_0 #x0000040000000000)))) (= fuv_0 (bvadd (bvadd f_0_low60_0_low20_0_0 (bvmul u_0_0_0 #x0000000000200000)) (bvmul v_0_0_0 #x0000040000000000)))) (= (bvadd (bvmul r_0_0_0 f_0_low60_0_low20_0_0) (bvmul s_0_0_0 g_0_low60_0_low20_0_0)) (bvmul g_0_low60_0_low20_0_0 #xFFFFFFFFFFF00000))) (= (bvadd (bvmul u_0_0_0 f_0_low60_0_low20_0_0) (bvmul v_0_0_0 g_0_low60_0_low20_0_0)) (bvmul f_0_low60_0_low20_0_0 #xFFFFFFFFFFF00000))))
(assert (and (bvsge delta_0 #x0000000000000000) (= (bvsmod (bvsub ((_ zero_extend 1) g_0_low60_0_low20_0_0) ((_ zero_extend 1) #x0000000000000001)) ((_ zero_extend 1) #x0000000000000002)) #b00000000000000000000000000000000000000000000000000000000000000000)))
(assert (and (= dc_1 ((_ extract 63 1) grs_0)) (= x8_lo_1 ((_ extract 0 0) grs_0))))
(assert (= ne_1 (bvand x8_lo_1 #b1)))
(assert (= x10_1 (ite (= ne_1 #b1) fuv_0 #x0000000000000000)))
(assert (and (= ge_1 ((_ extract 63 63) delta_0)) (= dc_2 ((_ extract 62 0) delta_0))))
(assert (= ge_2 (bvnot ge_1)))
(assert (= ge_3 (ite (= ne_1 #b1) ge_2 #b0)))
(assert (and (= dc_3 ((_ extract 64 64) (bvadd (bvadd ((_ zero_extend 1) #x0000000000000000) ((_ zero_extend 1) (bvnot delta_0))) #b00000000000000000000000000000000000000000000000000000000000000001))) (= x3_neg_1 ((_ extract 63 0) (bvadd (bvadd ((_ zero_extend 1) #x0000000000000000) ((_ zero_extend 1) (bvnot delta_0))) #b00000000000000000000000000000000000000000000000000000000000000001)))))
(assert (= x3_2 (ite (= ge_3 #b1) x3_neg_1 delta_0)))
(assert (and (= dc_4 ((_ extract 64 64) (bvadd (bvadd ((_ zero_extend 1) #x0000000000000000) ((_ zero_extend 1) (bvnot x10_1))) #b00000000000000000000000000000000000000000000000000000000000000001))) (= x10_neg_1 ((_ extract 63 0) (bvadd (bvadd ((_ zero_extend 1) #x0000000000000000) ((_ zero_extend 1) (bvnot x10_1))) #b00000000000000000000000000000000000000000000000000000000000000001)))))
(assert (= x10_2 (ite (= ge_3 #b1) x10_neg_1 x10_1)))
(assert (= x7_2 (ite (= ge_3 #b1) grs_0 fuv_0)))
(assert (and (= dc_5 ((_ extract 64 64) (bvadd ((_ zero_extend 1) grs_0) ((_ zero_extend 1) x10_2)))) (= x8_2 ((_ extract 63 0) (bvadd ((_ zero_extend 1) grs_0) ((_ zero_extend 1) x10_2))))))
(assert (= x3_3 (bvadd x3_2 #x0000000000000002)))
(assert (and (= dc_6 ((_ extract 63 2) x8_2)) (= x8_lo_2 ((_ extract 1 0) x8_2))))
(assert (and (= x8_target_1 ((_ extract 1 1) x8_lo_2)) (= dc_7 ((_ extract 0 0) x8_lo_2))))
(assert (= ne_2 (bvand x8_target_1 #b1)))
(assert (and (= x8_3 ((_ sign_extend 1) ((_ extract 63 1) x8_2))) (= dc_8 ((_ zero_extend 63) ((_ extract 0 0) x8_2)))))
(assert true)
(assert (= g_0_low60_0_low20_1_1 (bvashr g_0_low60_0_low20_0_0 #x0000000000000001)))
(assert (= r_0_1_1 (bvashr r_0_0_0 #x0000000000000001)))
(assert (= s_0_1_1 (bvashr s_0_0_0 #x0000000000000001)))
(assert true)
(assert (not (and (and (and (and (and (and (and (and (and (and (and (and (and (and (and (and (and (and (and (and (and (and (and true true) true) true) true) true) true) true) true) true) true) true) true) true) (not (= (bvor (bvand (bvand ((_ extract 63 63) x3_2) ((_ extract 63 63) #x0000000000000002)) (bvnot ((_ extract 63 63) (bvadd x3_2 #x0000000000000002)))) (bvand (bvand (bvnot ((_ extract 63 63) x3_2)) (bvnot ((_ extract 63 63) #x0000000000000002))) ((_ extract 63 63) (bvadd x3_2 #x0000000000000002)))) #b1))) true) true) true) true) true) (= ((_ extract 0 0) g_0_low60_0_low20_0_0) #b0)) (= ((_ extract 0 0) r_0_0_0) #b0)) (= ((_ extract 0 0) s_0_0_0) #b0)) true)))
(check-sat)
(exit)

Run boolector with command: boolector  /tmp/inputqfbv_6beabd.smt2
Execution time of boolector: 0.0042 seconds
OUTPUT FROM boolector:
sat

Execution of safety task: 0.0145 seconds
