(set-logic QF_BV)
(set-info :smt-lib-version 2.0)
(declare-fun x23_1 () (_ BitVec 64))
(declare-fun x14_0 () (_ BitVec 64))
(declare-fun x13_0 () (_ BitVec 64))
(declare-fun x12_0 () (_ BitVec 64))
(declare-fun x11_neg_1 () (_ BitVec 64))
(declare-fun x11_1 () (_ BitVec 64))
(declare-fun x11_0 () (_ BitVec 64))
(declare-fun vjoin_7976_2 () (_ BitVec 64))
(declare-fun vjoin_7976_1 () (_ BitVec 64))
(declare-fun vjoin_7220_2 () (_ BitVec 64))
(declare-fun vjoin_7220_1 () (_ BitVec 64))
(declare-fun vcast_3_7976_1 () (_ BitVec 32))
(declare-fun vcast_3_7220_1 () (_ BitVec 32))
(declare-fun vcast_2_7976_1 () (_ BitVec 32))
(declare-fun vcast_2_7220_1 () (_ BitVec 32))
(declare-fun vcast_1_9901_1 () (_ BitVec 64))
(declare-fun vcast_1_9718_1 () (_ BitVec 64))
(declare-fun vcast_1_7976_1 () (_ BitVec 32))
(declare-fun vcast_1_7220_1 () (_ BitVec 32))
(declare-fun vcast_1_6047_1 () (_ BitVec 64))
(declare-fun vcast_1_3254_1 () (_ BitVec 64))
(declare-fun vcast_0_9901_1 () (_ BitVec 64))
(declare-fun vcast_0_9718_1 () (_ BitVec 64))
(declare-fun vcast_0_7976_1 () (_ BitVec 32))
(declare-fun vcast_0_7220_1 () (_ BitVec 32))
(declare-fun vcast_0_6047_1 () (_ BitVec 64))
(declare-fun vcast_0_3254_1 () (_ BitVec 64))
(declare-fun mi_2 () (_ BitVec 1))
(declare-fun mi_1 () (_ BitVec 1))
(declare-fun dc_2 () (_ BitVec 1))
(declare-fun dc_1 () (_ BitVec 63))
(declare-fun VEC_v2_3_0 () (_ BitVec 32))
(declare-fun VEC_v2_2_0 () (_ BitVec 32))
(declare-fun VEC_v2_1_0 () (_ BitVec 32))
(declare-fun VEC_v2_0_0 () (_ BitVec 32))
(declare-fun VEC_v17_3_4 () (_ BitVec 32))
(declare-fun VEC_v17_3_3 () (_ BitVec 32))
(declare-fun VEC_v17_3_2 () (_ BitVec 32))
(declare-fun VEC_v17_3_1 () (_ BitVec 32))
(declare-fun VEC_v17_2_4 () (_ BitVec 32))
(declare-fun VEC_v17_2_3 () (_ BitVec 32))
(declare-fun VEC_v17_2_2 () (_ BitVec 32))
(declare-fun VEC_v17_2_1 () (_ BitVec 32))
(declare-fun VEC_v17_1_10 () (_ BitVec 32))
(declare-fun VEC_v17_1_9 () (_ BitVec 32))
(declare-fun VEC_v17_1_8 () (_ BitVec 64))
(declare-fun VEC_v17_1_7 () (_ BitVec 64))
(declare-fun VEC_v17_1_5 () (_ BitVec 32))
(declare-fun VEC_v17_1_4 () (_ BitVec 32))
(declare-fun VEC_v17_0_10 () (_ BitVec 32))
(declare-fun VEC_v17_0_9 () (_ BitVec 32))
(declare-fun VEC_v17_0_8 () (_ BitVec 64))
(declare-fun VEC_v17_0_7 () (_ BitVec 64))
(declare-fun VEC_v17_0_5 () (_ BitVec 32))
(declare-fun VEC_v17_0_4 () (_ BitVec 32))
(declare-fun VEC_v16_3_4 () (_ BitVec 32))
(declare-fun VEC_v16_3_3 () (_ BitVec 32))
(declare-fun VEC_v16_3_2 () (_ BitVec 32))
(declare-fun VEC_v16_3_1 () (_ BitVec 32))
(declare-fun VEC_v16_2_4 () (_ BitVec 32))
(declare-fun VEC_v16_2_3 () (_ BitVec 32))
(declare-fun VEC_v16_2_2 () (_ BitVec 32))
(declare-fun VEC_v16_2_1 () (_ BitVec 32))
(declare-fun VEC_v16_1_10 () (_ BitVec 32))
(declare-fun VEC_v16_1_9 () (_ BitVec 32))
(declare-fun VEC_v16_1_8 () (_ BitVec 64))
(declare-fun VEC_v16_1_7 () (_ BitVec 64))
(declare-fun VEC_v16_1_5 () (_ BitVec 32))
(declare-fun VEC_v16_1_4 () (_ BitVec 32))
(declare-fun VEC_v16_0_10 () (_ BitVec 32))
(declare-fun VEC_v16_0_9 () (_ BitVec 32))
(declare-fun VEC_v16_0_8 () (_ BitVec 64))
(declare-fun VEC_v16_0_7 () (_ BitVec 64))
(declare-fun VEC_v16_0_5 () (_ BitVec 32))
(declare-fun VEC_v16_0_4 () (_ BitVec 32))
(declare-fun VEC_v13_3_2 () (_ BitVec 32))
(declare-fun VEC_v13_2_2 () (_ BitVec 32))
(declare-fun VEC_v13_1_2 () (_ BitVec 32))
(declare-fun VEC_v13_0_2 () (_ BitVec 32))
(declare-fun VEC_dc_1_2 () (_ BitVec 64))
(declare-fun VEC_dc_1_1 () (_ BitVec 64))
(declare-fun VEC_dc_0_2 () (_ BitVec 64))
(declare-fun VEC_dc_0_1 () (_ BitVec 64))
(assert (and (and (and (= VEC_v2_0_0 #x3FFFFFFF) (= VEC_v2_1_0 #x3FFFFFFF)) (= VEC_v2_2_0 #x3FFFFFFF)) (= VEC_v2_3_0 #x3FFFFFFF)))
(assert true)
(assert true)
(assert true)
(assert true)
(assert (= vcast_0_9718_1 x11_0))
(assert (= vcast_1_9718_1 x13_0))
(assert (and (= VEC_v16_1_4 ((_ extract 63 32) vcast_0_9718_1)) (= VEC_v16_0_4 ((_ extract 31 0) vcast_0_9718_1))))
(assert (and (= VEC_v16_3_1 ((_ extract 63 32) vcast_1_9718_1)) (= VEC_v16_2_1 ((_ extract 31 0) vcast_1_9718_1))))
(assert (= VEC_v16_0_5 VEC_v16_0_4))
(assert (= VEC_v16_1_5 VEC_v16_1_4))
(assert (= VEC_v16_2_2 VEC_v16_2_1))
(assert (= VEC_v16_3_2 VEC_v16_3_1))
(assert (= vcast_0_9901_1 x12_0))
(assert (= vcast_1_9901_1 x14_0))
(assert (and (= VEC_v17_1_4 ((_ extract 63 32) vcast_0_9901_1)) (= VEC_v17_0_4 ((_ extract 31 0) vcast_0_9901_1))))
(assert (and (= VEC_v17_3_1 ((_ extract 63 32) vcast_1_9901_1)) (= VEC_v17_2_1 ((_ extract 31 0) vcast_1_9901_1))))
(assert (= VEC_v17_0_5 VEC_v17_0_4))
(assert (= VEC_v17_1_5 VEC_v17_1_4))
(assert (= VEC_v17_2_2 VEC_v17_2_1))
(assert (= VEC_v17_3_2 VEC_v17_3_1))
(assert (= VEC_v13_0_2 (bvand VEC_v16_0_5 VEC_v2_0_0)))
(assert (= VEC_v13_1_2 (bvand VEC_v16_2_2 VEC_v2_1_0)))
(assert (= VEC_v13_2_2 (bvand VEC_v17_0_5 VEC_v2_2_0)))
(assert (= VEC_v13_3_2 (bvand VEC_v17_2_2 VEC_v2_3_0)))
(assert (= vcast_0_7220_1 VEC_v16_0_5))
(assert (= vcast_1_7220_1 VEC_v16_1_5))
(assert (= vcast_2_7220_1 VEC_v16_2_2))
(assert (= vcast_3_7220_1 VEC_v16_3_2))
(assert (= vjoin_7220_1 (concat vcast_1_7220_1 vcast_0_7220_1)))
(assert (= VEC_v16_0_7 vjoin_7220_1))
(assert (= vjoin_7220_2 (concat vcast_3_7220_1 vcast_2_7220_1)))
(assert (= VEC_v16_1_7 vjoin_7220_2))
(assert (and (= VEC_v16_0_8 ((_ sign_extend 30) ((_ extract 63 30) VEC_v16_0_7))) (= VEC_dc_0_1 ((_ zero_extend 34) ((_ extract 29 0) VEC_v16_0_7)))))
(assert (and (= VEC_v16_1_8 ((_ sign_extend 30) ((_ extract 63 30) VEC_v16_1_7))) (= VEC_dc_1_1 ((_ zero_extend 34) ((_ extract 29 0) VEC_v16_1_7)))))
(assert (= vcast_0_7976_1 VEC_v17_0_5))
(assert (= vcast_1_7976_1 VEC_v17_1_5))
(assert (= vcast_2_7976_1 VEC_v17_2_2))
(assert (= vcast_3_7976_1 VEC_v17_3_2))
(assert (= vjoin_7976_1 (concat vcast_1_7976_1 vcast_0_7976_1)))
(assert (= VEC_v17_0_7 vjoin_7976_1))
(assert (= vjoin_7976_2 (concat vcast_3_7976_1 vcast_2_7976_1)))
(assert (= VEC_v17_1_7 vjoin_7976_2))
(assert (and (= VEC_v17_0_8 ((_ sign_extend 30) ((_ extract 63 30) VEC_v17_0_7))) (= VEC_dc_0_2 ((_ zero_extend 34) ((_ extract 29 0) VEC_v17_0_7)))))
(assert (and (= VEC_v17_1_8 ((_ sign_extend 30) ((_ extract 63 30) VEC_v17_1_7))) (= VEC_dc_1_2 ((_ zero_extend 34) ((_ extract 29 0) VEC_v17_1_7)))))
(assert (= vcast_0_6047_1 VEC_v16_0_8))
(assert (= vcast_1_6047_1 VEC_v16_1_8))
(assert (and (= VEC_v16_1_9 ((_ extract 63 32) vcast_0_6047_1)) (= VEC_v16_0_9 ((_ extract 31 0) vcast_0_6047_1))))
(assert (and (= VEC_v16_3_3 ((_ extract 63 32) vcast_1_6047_1)) (= VEC_v16_2_3 ((_ extract 31 0) vcast_1_6047_1))))
(assert (= VEC_v16_0_10 VEC_v16_0_9))
(assert (= VEC_v16_1_10 VEC_v16_1_9))
(assert (= VEC_v16_2_4 VEC_v16_2_3))
(assert (= VEC_v16_3_4 VEC_v16_3_3))
(assert (= vcast_0_3254_1 VEC_v17_0_8))
(assert (= vcast_1_3254_1 VEC_v17_1_8))
(assert (and (= VEC_v17_1_9 ((_ extract 63 32) vcast_0_3254_1)) (= VEC_v17_0_9 ((_ extract 31 0) vcast_0_3254_1))))
(assert (and (= VEC_v17_3_3 ((_ extract 63 32) vcast_1_3254_1)) (= VEC_v17_2_3 ((_ extract 31 0) vcast_1_3254_1))))
(assert (= VEC_v17_0_10 VEC_v17_0_9))
(assert (= VEC_v17_1_10 VEC_v17_1_9))
(assert (= VEC_v17_2_4 VEC_v17_2_3))
(assert (= VEC_v17_3_4 VEC_v17_3_3))
(assert (and (= mi_1 ((_ extract 63 63) x11_0)) (= dc_1 ((_ extract 62 0) x11_0))))
(assert (= mi_2 mi_1))
(assert true)
(assert (= x23_1 (ite (= mi_2 #b1) #xFFFFFFFFFFFFFFFF #x0000000000000000)))
(assert true)
(assert (and (= dc_2 ((_ extract 64 64) (bvadd (bvadd ((_ zero_extend 1) #x0000000000000000) ((_ zero_extend 1) (bvnot x11_0))) #b00000000000000000000000000000000000000000000000000000000000000001))) (= x11_neg_1 ((_ extract 63 0) (bvadd (bvadd ((_ zero_extend 1) #x0000000000000000) ((_ zero_extend 1) (bvnot x11_0))) #b00000000000000000000000000000000000000000000000000000000000000001)))))
(assert (= x11_1 (ite (= mi_2 #b1) x11_neg_1 x11_0)))
(assert (not (bvsge x11_1 #x0000000000000000)))
(check-sat)
(exit)
